<?xml version="1.0" encoding="UTF-8"?>
<!-- Generated by org.testng.reporters.JUnitReportReporter -->
<testsuite hostname="DESKTOP-0255JM2" name="TestNG.Demo1" tests="1" failures="0" timestamp="14 Dec 2019 05:53:05 GMT" time="0.016" errors="0">
  <testcase name="test1" time="0.016" classname="TestNG.Demo1"/>
</testsuite> <!-- TestNG.Demo1 -->
