<?xml version="1.0" encoding="UTF-8"?>
<!-- Generated by org.testng.reporters.JUnitReportReporter -->
<testsuite hostname="DESKTOP-0255JM2" name="POM_Gmail.Test_Login" tests="1" failures="0" timestamp="28 Dec 2019 07:46:36 GMT" time="33.748" errors="0">
  <testcase name="TestLogin" time="33.748" classname="POM_Gmail.Test_Login"/>
</testsuite> <!-- POM_Gmail.Test_Login -->
