<?xml version="1.0" encoding="UTF-8"?>
<!-- Generated by org.testng.reporters.JUnitReportReporter -->
<testsuite hostname="DESKTOP-0255JM2" name="Basic.Propertyfile" tests="1" failures="0" timestamp="28 Dec 2019 05:57:50 GMT" time="0.016" errors="0">
  <testcase name="test_property" time="0.016" classname="Basic.Propertyfile"/>
</testsuite> <!-- Basic.Propertyfile -->
