<?xml version="1.0" encoding="UTF-8"?>
<!-- Generated by org.testng.reporters.JUnitReportReporter -->
<testsuite hostname="DESKTOP-0255JM2" name="POM.Test_Login" tests="1" failures="0" timestamp="22 Dec 2019 06:50:43 GMT" time="30.851" errors="0">
  <testcase name="TestLogin" time="30.851" classname="POM.Test_Login"/>
</testsuite> <!-- POM.Test_Login -->
