<?xml version="1.0" encoding="UTF-8"?>
<!-- Generated by org.testng.reporters.JUnitReportReporter -->
<testsuite hostname="DESKTOP-0255JM2" name="Test_login.LoginTest" tests="1" failures="0" timestamp="15 Dec 2019 06:46:53 GMT" time="27.452" errors="0">
  <testcase name="testLogin" time="27.452" classname="Test_login.LoginTest"/>
</testsuite> <!-- Test_login.LoginTest -->
